[roslaunch][INFO] 2020-10-02 08:42:49,557: Checking log directory for disk usage. This may take a while.
Press Ctrl-C to interrupt
[roslaunch][INFO] 2020-10-02 08:42:49,560: Done checking log file disk usage. Usage is <1GB.
[roslaunch][INFO] 2020-10-02 08:42:49,560: roslaunch starting with args ['roscore', '--core']
[roslaunch][INFO] 2020-10-02 08:42:49,560: roslaunch env is environ({'ROS_VERSION': '1', 'NVIDIA_VISIBLE_DEVICES': 'all', 'PKG_CONFIG_PATH': '/opt/ros/noetic/lib/pkgconfig', 'ROS_PYTHON_VERSION': '3', 'HOSTNAME': 'luigi', 'NVIDIA_REQUIRE_CUDA': 'cuda>=10.2 brand=tesla,driver>=384,driver<385 brand=tesla,driver>=396,driver<397 brand=tesla,driver>=410,driver<411 brand=tesla,driver>=440,driver<441', 'NCCL_VERSION': '2.7.8', 'ROS_PACKAGE_PATH': '${ROS_PACKAGE_PATH}:/home/catkin_ws', 'ROSLISP_PACKAGE_DIRECTORIES': '/root/catkin_ws/devel/share/common-lisp', 'PWD': '/root/catkin_ws', 'NVIDIA_DRIVER_CAPABILITIES': 'compute,utility', 'CUDA_PKG_VERSION': '10-2=10.2.89-1', 'ROS_IP': '192.168.0.191', 'HOME': '/root', 'ROS_ETC_DIR': '/opt/ros/noetic/etc/ros', 'LS_COLORS': 'rs=0:di=01;34:ln=01;36:mh=00:pi=40;33:so=01;35:do=01;35:bd=40;33;01:cd=40;33;01:or=40;31;01:mi=00:su=37;41:sg=30;43:ca=30;41:tw=30;42:ow=34;42:st=37;44:ex=01;32:*.tar=01;31:*.tgz=01;31:*.arc=01;31:*.arj=01;31:*.taz=01;31:*.lha=01;31:*.lz4=01;31:*.lzh=01;31:*.lzma=01;31:*.tlz=01;31:*.txz=01;31:*.tzo=01;31:*.t7z=01;31:*.zip=01;31:*.z=01;31:*.dz=01;31:*.gz=01;31:*.lrz=01;31:*.lz=01;31:*.lzo=01;31:*.xz=01;31:*.zst=01;31:*.tzst=01;31:*.bz2=01;31:*.bz=01;31:*.tbz=01;31:*.tbz2=01;31:*.tz=01;31:*.deb=01;31:*.rpm=01;31:*.jar=01;31:*.war=01;31:*.ear=01;31:*.sar=01;31:*.rar=01;31:*.alz=01;31:*.ace=01;31:*.zoo=01;31:*.cpio=01;31:*.7z=01;31:*.rz=01;31:*.cab=01;31:*.wim=01;31:*.swm=01;31:*.dwm=01;31:*.esd=01;31:*.jpg=01;35:*.jpeg=01;35:*.mjpg=01;35:*.mjpeg=01;35:*.gif=01;35:*.bmp=01;35:*.pbm=01;35:*.pgm=01;35:*.ppm=01;35:*.tga=01;35:*.xbm=01;35:*.xpm=01;35:*.tif=01;35:*.tiff=01;35:*.png=01;35:*.svg=01;35:*.svgz=01;35:*.mng=01;35:*.pcx=01;35:*.mov=01;35:*.mpg=01;35:*.mpeg=01;35:*.m2v=01;35:*.mkv=01;35:*.webm=01;35:*.ogm=01;35:*.mp4=01;35:*.m4v=01;35:*.mp4v=01;35:*.vob=01;35:*.qt=01;35:*.nuv=01;35:*.wmv=01;35:*.asf=01;35:*.rm=01;35:*.rmvb=01;35:*.flc=01;35:*.avi=01;35:*.fli=01;35:*.flv=01;35:*.gl=01;35:*.dl=01;35:*.xcf=01;35:*.xwd=01;35:*.yuv=01;35:*.cgm=01;35:*.emf=01;35:*.ogv=01;35:*.ogx=01;35:*.aac=00;36:*.au=00;36:*.flac=00;36:*.m4a=00;36:*.mid=00;36:*.midi=00;36:*.mka=00;36:*.mp3=00;36:*.mpc=00;36:*.ogg=00;36:*.ra=00;36:*.wav=00;36:*.oga=00;36:*.opus=00;36:*.spx=00;36:*.xspf=00;36:', 'CUDA_VERSION': '10.2.89', 'CMAKE_PREFIX_PATH': '/root/catkin_ws/devel:/opt/ros/noetic', 'ROS_WORKSPACE': '/home/catkin_ws', 'LESSCLOSE': '/usr/bin/lesspipe %s %s', 'PYTHONPATH': '/opt/ros/noetic/lib/python3/dist-packages', 'TERM': 'xterm', 'LESSOPEN': '| /usr/bin/lesspipe %s', 'DISPLAY': '', 'SHLVL': '1', 'ROS_MASTER_URI': 'http://master:11311', 'CUDNN_VERSION': '7.6.5.32', 'LD_LIBRARY_PATH': '/root/catkin_ws/devel/lib:/opt/ros/noetic/lib:/usr/local/nvidia/lib:/usr/local/nvidia/lib64', 'PATH': '/opt/ros/noetic/bin:/usr/local/nvidia/bin:/usr/local/cuda/bin:/usr/local/sbin:/usr/local/bin:/usr/sbin:/usr/bin:/sbin:/bin', 'DEBIAN_FRONTEND': 'noninteractive', 'ROS_ROOT': '/opt/ros/noetic/share/ros', 'ROS_DISTRO': 'noetic', 'QT_X11_NO_MITSHM': '1', 'OLDPWD': '/root', '_': '/opt/ros/noetic/bin/roscore', 'LC_CTYPE': 'C.UTF-8', 'ROS_LOG_FILENAME': '/root/.ros/log/4094025c-048b-11eb-b905-0cc47a82249c/roslaunch-luigi-444.log'})
[roslaunch][INFO] 2020-10-02 08:42:49,561: starting in server mode
[roslaunch.parent][INFO] 2020-10-02 08:42:49,561: starting roslaunch parent run
[roslaunch][INFO] 2020-10-02 08:42:49,562: loading roscore config file /opt/ros/noetic/etc/ros/roscore.xml
[roslaunch][ERROR] 2020-10-02 08:42:49,782: RLException: Invalid <param> tag: Cannot load command parameter [rosversion]: command [['rosversion', 'roslaunch']] returned with code [1]. 

Param xml is <param name="rosversion" command="rosversion roslaunch"/>
[roslaunch][ERROR] 2020-10-02 08:42:49,782: The traceback for the exception was written to the log file
[roslaunch][ERROR] 2020-10-02 08:42:49,784: Traceback (most recent call last):
  File "/opt/ros/noetic/lib/python3/dist-packages/roslaunch/xmlloader.py", line 271, in _param_tag
    value = self.param_value(verbose, name, ptype, *vals)
  File "/opt/ros/noetic/lib/python3/dist-packages/roslaunch/loader.py", line 534, in param_value
    raise ValueError("Cannot load command parameter [%s]: command [%s] returned with code [%s]"%(name, command, p.returncode))
ValueError: Cannot load command parameter [rosversion]: command [['rosversion', 'roslaunch']] returned with code [1]

During handling of the above exception, another exception occurred:

Traceback (most recent call last):
  File "/opt/ros/noetic/lib/python3/dist-packages/roslaunch/__init__.py", line 347, in main
    p.start()
  File "/opt/ros/noetic/lib/python3/dist-packages/roslaunch/parent.py", line 305, in start
    self._start_infrastructure()
  File "/opt/ros/noetic/lib/python3/dist-packages/roslaunch/parent.py", line 254, in _start_infrastructure
    self._load_config()
  File "/opt/ros/noetic/lib/python3/dist-packages/roslaunch/parent.py", line 156, in _load_config
    self.config = roslaunch.config.load_config_default(self.roslaunch_files, self.port,
  File "/opt/ros/noetic/lib/python3/dist-packages/roslaunch/config.py", line 451, in load_config_default
    load_roscore(loader, config, verbose=verbose)
  File "/opt/ros/noetic/lib/python3/dist-packages/roslaunch/config.py", line 94, in load_roscore
    loader.load(f_roscore, config, core=True, verbose=verbose)
  File "/opt/ros/noetic/lib/python3/dist-packages/roslaunch/xmlloader.py", line 761, in load
    self._load_launch(launch, ros_config, is_core=core, filename=filename, argv=argv, verbose=verbose)
  File "/opt/ros/noetic/lib/python3/dist-packages/roslaunch/xmlloader.py", line 733, in _load_launch
    self._recurse_load(ros_config, launch.childNodes, self.root_context, None, is_core, verbose)
  File "/opt/ros/noetic/lib/python3/dist-packages/roslaunch/xmlloader.py", line 668, in _recurse_load
    self._recurse_load(ros_config, tag.childNodes, child_ns, \
  File "/opt/ros/noetic/lib/python3/dist-packages/roslaunch/xmlloader.py", line 679, in _recurse_load
    self._param_tag(tag, context, ros_config, verbose=verbose)
  File "/opt/ros/noetic/lib/python3/dist-packages/roslaunch/xmlloader.py", line 96, in call
    return f(*args, **kwds)
  File "/opt/ros/noetic/lib/python3/dist-packages/roslaunch/xmlloader.py", line 285, in _param_tag
    raise XmlParseException(
roslaunch.xmlloader.XmlParseException: Invalid <param> tag: Cannot load command parameter [rosversion]: command [['rosversion', 'roslaunch']] returned with code [1]. 

Param xml is <param name="rosversion" command="rosversion roslaunch"/>

[rospy.core][INFO] 2020-10-02 08:42:49,785: signal_shutdown [atexit]
